<?xml version="1.0" encoding="UTF-8"?>
<!-- Generated by org.testng.reporters.JUnitReportReporter -->
<testsuite skipped="0" hostname="Hiren" name="ultimateqa.testsuite.SignInPageTest" tests="1" failures="0" timestamp="2022-12-12T13:29:54 GMT" time="5.024" errors="0">
  <testcase name="userShouldNavigateToLoginPageSuccessfully" time="5.024" classname="ultimateqa.testsuite.SignInPageTest"/>
  <system-out>
    <![CDATA[Click on the sign in  Button [[ChromeDriver: chrome on WINDOWS (412c98bc2af3022eb0ed142f28e85f4e)] -> xpath: //a[contains(text(),'Sign In')]]]]>
  </system-out>
</testsuite> <!-- ultimateqa.testsuite.SignInPageTest -->
