<?xml version="1.0" encoding="UTF-8"?>
<!-- Generated by org.testng.reporters.JUnitReportReporter -->
<testsuite skipped="0" hostname="Hiren" name="ultimateqa.testsuite.ProductPageTest" tests="1" failures="0" timestamp="2022-12-12T13:29:54 GMT" time="7.723" errors="0">
  <testcase name="verifyThatSixProductsAreDisplayedOnPage" time="7.723" classname="ultimateqa.testsuite.ProductPageTest"/>
  <system-out>
    <![CDATA[Click on the sign in  Button [[ChromeDriver: chrome on WINDOWS (578a9f3b55d1c04c49147a6dbe4f0ddc)] -> xpath: //a[contains(text(),'Sign In')]]
Enter Email [[ChromeDriver: chrome on WINDOWS (578a9f3b55d1c04c49147a6dbe4f0ddc)] -> id: user[email]]
Enter Password [[ChromeDriver: chrome on WINDOWS (578a9f3b55d1c04c49147a6dbe4f0ddc)] -> name: user[password]]
Click on the sign in Button [[ChromeDriver: chrome on WINDOWS (578a9f3b55d1c04c49147a6dbe4f0ddc)] -> xpath: //button[contains(text(),'Sign in')]]]]>
  </system-out>
</testsuite> <!-- ultimateqa.testsuite.ProductPageTest -->
